0 info it worked if it ends with ok
1 verbose cli [ '/usr/bin/nodejs', '/usr/bin/npm', 'publish' ]
2 info using npm@3.10.10
3 info using node@v6.11.2
4 verbose publish [ '.' ]
5 silly cache add args [ '.', null ]
6 verbose cache add spec .
7 silly cache add parsed spec Result {
7 silly cache add   raw: '.',
7 silly cache add   scope: null,
7 silly cache add   escapedName: null,
7 silly cache add   name: null,
7 silly cache add   rawSpec: '.',
7 silly cache add   spec: '/root/mautic-api-github',
7 silly cache add   type: 'directory' }
8 verbose addLocalDirectory /root/.npm/mautic-api-node/0.0.5/package.tgz not in flight; packing
9 verbose correctMkdir /root/.npm correctMkdir not in flight; initializing
10 info lifecycle mautic-api-node@0.0.5~prepublish: mautic-api-node@0.0.5
11 silly lifecycle mautic-api-node@0.0.5~prepublish: no script for prepublish, continuing
12 verbose tar pack [ '/root/.npm/mautic-api-node/0.0.5/package.tgz',
12 verbose tar pack   '/root/mautic-api-github' ]
13 verbose tarball /root/.npm/mautic-api-node/0.0.5/package.tgz
14 verbose folder /root/mautic-api-github
15 verbose addLocalTarball adding from inside cache /root/.npm/mautic-api-node/0.0.5/package.tgz
16 verbose correctMkdir /root/.npm correctMkdir not in flight; initializing
17 silly cache afterAdd mautic-api-node@0.0.5
18 verbose afterAdd /root/.npm/mautic-api-node/0.0.5/package/package.json not in flight; writing
19 verbose correctMkdir /root/.npm correctMkdir not in flight; initializing
20 verbose afterAdd /root/.npm/mautic-api-node/0.0.5/package/package.json written
21 silly publish { name: 'mautic-api-node',
21 silly publish   version: '0.0.5',
21 silly publish   description: 'Use the Mautic API from Nodejs.',
21 silly publish   main: 'mautic-api.js',
21 silly publish   homepage: 'https://github.com/sambarnes90/node-mautic',
21 silly publish   scripts: { test: 'echo "Error: no test specified" && exit 1' },
21 silly publish   author: { name: 'Sam Barnes' },
21 silly publish   license: 'ISC',
21 silly publish   dependencies: { request: '^2.0.0' },
21 silly publish   readme: '# Node.js Wrapper for Mautic API\r\n\r\n![Mautic Logo](https://avatars2.githubusercontent.com/u/5257677?s=200&v=4 "Mautic Logo")\r\n\r\n**Alpha** version of a basic wrapper to use the Mautic API in Node.js.\r\n\r\n## Usage\r\n\r\n  - `npm install mautic-api-node`\r\n  - Require the module with `var mautic = require(\'mautic-api-node\')`\r\n  - Update the mautic.config object with relevant details as per below:\r\n\t`mautic.config.base_url = "https://example.mautic.com";`\r\n\t`mautic.config.redirect_uri = "https://www.mautic.com";`\r\n\t`mautic.config.public_key = "EXAMPLE_PUBLIC_KEY";`\r\n\t`mautic.config.secret_key = "EXAMPLE_SECRET_KEY";`\r\n\t`mautic.config.state = "RANDOM_STATE";`\r\n\t`mautic.config.api_endpoint = "https://example.mautic.com/api";`\r\n  - Use `mautic.auth.checkAuth(callback)` to check auth and process the data with callback.\r\n  - Callback will either receive a single parameter from these options:\r\n    - An `asset` object containing the JSON response from the API.\r\n    - An `error` string containing a relevant error message.\r\n    - An `error` object from the request itself.\r\n\r\n## Examples\r\n\r\n  - Please reference `example.js` for an example.\r\n\r\n## Reference\r\n\r\n  - Attempted to follow the Mautic API Documentation (https://developer.mautic.org/) as closely as possible.',
21 silly publish   readmeFilename: 'readme.md',
21 silly publish   gitHead: '5c1117a680f36795d4365719b8fc0e4e78b5be71',
21 silly publish   _id: 'mautic-api-node@0.0.5',
21 silly publish   _shasum: '89e358fa5eef735ff9297a75ec00ffa8ffeff247',
21 silly publish   _from: '.' }
22 verbose getPublishConfig undefined
23 silly mapToRegistry name mautic-api-node
24 silly mapToRegistry using default registry
25 silly mapToRegistry registry https://registry.npmjs.org/
26 silly mapToRegistry data Result {
26 silly mapToRegistry   raw: 'mautic-api-node',
26 silly mapToRegistry   scope: null,
26 silly mapToRegistry   escapedName: 'mautic-api-node',
26 silly mapToRegistry   name: 'mautic-api-node',
26 silly mapToRegistry   rawSpec: '',
26 silly mapToRegistry   spec: 'latest',
26 silly mapToRegistry   type: 'tag' }
27 silly mapToRegistry uri https://registry.npmjs.org/mautic-api-node
28 verbose publish registryBase https://registry.npmjs.org/
29 silly publish uploading /root/.npm/mautic-api-node/0.0.5/package.tgz
30 verbose request uri https://registry.npmjs.org/mautic-api-node
31 verbose request sending authorization for write operation
32 info attempt registry request try #1 at 12:10:09 PM
33 verbose request using bearer token for auth
34 verbose request id 330096d9130e79ab
35 http request PUT https://registry.npmjs.org/mautic-api-node
36 http 403 https://registry.npmjs.org/mautic-api-node
37 verbose headers { 'content-type': 'application/json',
37 verbose headers   'cache-control': 'max-age=300',
37 verbose headers   'content-length': '93',
37 verbose headers   'accept-ranges': 'bytes',
37 verbose headers   date: 'Wed, 21 Feb 2018 12:10:10 GMT',
37 verbose headers   via: '1.1 varnish',
37 verbose headers   connection: 'keep-alive',
37 verbose headers   'x-served-by': 'cache-hhn1535-HHN',
37 verbose headers   'x-cache': 'MISS',
37 verbose headers   'x-cache-hits': '0',
37 verbose headers   'x-timer': 'S1519215010.505970,VS0,VE1371',
37 verbose headers   vary: 'Accept-Encoding, Accept' }
38 verbose request invalidating /root/.npm/registry.npmjs.org/mautic-api-node on PUT
39 error publish Failed PUT 403
40 verbose stack Error: You cannot publish over the previously published versions: 0.0.5. : mautic-api-node
40 verbose stack     at makeError (/usr/lib/node_modules/npm/node_modules/npm-registry-client/lib/request.js:302:12)
40 verbose stack     at CachingRegistryClient.<anonymous> (/usr/lib/node_modules/npm/node_modules/npm-registry-client/lib/request.js:290:14)
40 verbose stack     at Request._callback (/usr/lib/node_modules/npm/node_modules/npm-registry-client/lib/request.js:210:14)
40 verbose stack     at Request.self.callback (/usr/lib/node_modules/npm/node_modules/request/request.js:187:22)
40 verbose stack     at emitTwo (events.js:106:13)
40 verbose stack     at Request.emit (events.js:191:7)
40 verbose stack     at Request.<anonymous> (/usr/lib/node_modules/npm/node_modules/request/request.js:1048:10)
40 verbose stack     at emitOne (events.js:96:13)
40 verbose stack     at Request.emit (events.js:188:7)
40 verbose stack     at IncomingMessage.<anonymous> (/usr/lib/node_modules/npm/node_modules/request/request.js:969:12)
41 verbose statusCode 403
42 verbose pkgid mautic-api-node
43 verbose cwd /root/mautic-api-github
44 error Linux 4.4.0-98-generic
45 error argv "/usr/bin/nodejs" "/usr/bin/npm" "publish"
46 error node v6.11.2
47 error npm  v3.10.10
48 error code E403
49 error You cannot publish over the previously published versions: 0.0.5. : mautic-api-node
50 error If you need help, you may report this error at:
50 error     <https://github.com/npm/npm/issues>
51 verbose exit [ 1, true ]
